<?xml version="1.0" encoding="UTF-8"?>
<!-- Generated by org.testng.reporters.JUnitReportReporter -->
<testsuite hostname="Rakeshs-MacBook-Air.local" failures="0" tests="4" name="com.qa.testcases.LoginTest" time="22.045" errors="0" timestamp="2025-04-22T13:52:16 IST" skipped="0">
  <testcase classname="com.qa.testcases.LoginTest" name="loginTest" time="4.630"/>
  <testcase classname="com.qa.testcases.LoginTest" name="invalidLoginTest" time="6.735"/>
  <testcase classname="com.qa.testcases.LoginTest" name="invalidLoginTest" time="5.260"/>
  <testcase classname="com.qa.testcases.LoginTest" name="invalidLoginTest" time="5.420"/>
</testsuite> <!-- com.qa.testcases.LoginTest -->
