<?xml version="1.0" encoding="UTF-8"?>
<!-- Generated by org.testng.reporters.JUnitReportReporter -->
<testsuite hostname="Rakeshs-MacBook-Air.local" failures="0" tests="4" name="com.qa.testcases.LoginTest" time="28.654" errors="0" timestamp="2025-04-20T16:04:27 IST" skipped="0">
  <testcase classname="com.qa.testcases.LoginTest" name="invalidLoginTest" time="11.003"/>
  <testcase classname="com.qa.testcases.LoginTest" name="invalidLoginTest" time="6.805"/>
  <testcase classname="com.qa.testcases.LoginTest" name="invalidLoginTest" time="4.632"/>
  <testcase classname="com.qa.testcases.LoginTest" name="loginTest" time="6.214"/>
</testsuite> <!-- com.qa.testcases.LoginTest -->
