<?xml version="1.0" encoding="UTF-8"?>
<!-- Generated by org.testng.reporters.JUnitReportReporter -->
<testsuite hostname="Rakeshs-MacBook-Air.local" failures="0" tests="4" name="com.qa.testcases.LoginTest" time="29.290" errors="0" timestamp="2025-05-04T14:18:15 IST" skipped="0">
  <testcase classname="com.qa.testcases.LoginTest" name="invalidLoginTest" time="11.995"/>
  <testcase classname="com.qa.testcases.LoginTest" name="invalidLoginTest" time="4.022"/>
  <testcase classname="com.qa.testcases.LoginTest" name="loginTest" time="9.768"/>
  <testcase classname="com.qa.testcases.LoginTest" name="invalidLoginTest" time="3.505"/>
</testsuite> <!-- com.qa.testcases.LoginTest -->
