<?xml version="1.0" encoding="UTF-8"?>
<!-- Generated by org.testng.reporters.JUnitReportReporter -->
<testsuite hostname="Rakeshs-MacBook-Air.local" failures="0" tests="1" name="com.qa.testcases.LogoutTest" time="7.816" errors="0" timestamp="2025-04-19T18:55:13 IST" skipped="0">
  <testcase classname="com.qa.testcases.LogoutTest" name="logoutTest" time="7.816"/>
</testsuite> <!-- com.qa.testcases.LogoutTest -->
