<?xml version="1.0" encoding="UTF-8"?>
<!-- Generated by org.testng.reporters.JUnitReportReporter -->
<testsuite hostname="Rakeshs-MacBook-Air.local" failures="0" tests="4" name="com.qa.testcases.LoginTest" time="28.030" errors="0" timestamp="2025-04-19T00:19:56 IST" skipped="0">
  <testcase classname="com.qa.testcases.LoginTest" name="loginTest" time="4.827"/>
  <testcase classname="com.qa.testcases.LoginTest" name="invalidLoginTest" time="6.276"/>
  <testcase classname="com.qa.testcases.LoginTest" name="invalidLoginTest" time="8.282"/>
  <testcase classname="com.qa.testcases.LoginTest" name="invalidLoginTest" time="8.645"/>
</testsuite> <!-- com.qa.testcases.LoginTest -->
